<?xml version="1.0" encoding="UTF-8" standalone="yes"?>
<testsuites name="BPM POC_SUITE" time="79" tests="3" failures="0" errors="0">
    <testsuite name="BPM POC_SUITE" tests="3" failures="0" errors="0" time="79" timestamp="2019-07-29 10:59:04" hostname="snadanasigamani - ProDCWS-13" id="Test Suites/BPM POC_SUITE">
        <properties>
            <property name="deviceName" value=""/>
            <property name="devicePlatform" value=""/>
            <property name="logFolder" value="C:\\Users\\snadanasigamani\\Katalon Studio\\HibernatePOC\\Reports\\BPM POC_SUITE\\20190729_105900"/>
            <property name="logFiles" value="C:\\Users\\snadanasigamani\\Katalon Studio\\HibernatePOC\\Reports\\BPM POC_SUITE\\20190729_105900\\execution0.log, C:\\Users\\snadanasigamani\\Katalon Studio\\HibernatePOC\\Reports\\BPM POC_SUITE\\20190729_105900\\IEDriverServer.log"/>
            <property name="attachments" value=""/>
            <property name="hostName" value="snadanasigamani - ProDCWS-13"/>
            <property name="os" value="Windows 10 64bit"/>
            <property name="katalonVersion" value="6.2.1.2"/>
            <property name="browser" value="IE 11"/>
            <property name="hostAddress" value="192.168.111.183"/>
            <property name="sessionId" value="7f3680a9-989d-459d-bbde-1973eac884f6"/>
            <property name="seleniumVersion" value="3.141.59"/>
            <property name="proxyInformation" value="ProxyInformation{proxyOption=NO_PROXY, proxyServerType=HTTP, password=, proxyServerAddress=, proxyServerPort=0}"/>
            <property name="platform" value="Windows 10"/>
        </properties>
        <testcase name="Test Cases/BPM POC/TC_001_Verify_Record_UpdateSuccessful" classname="Test Cases/BPM POC/TC_001_Verify_Record_UpdateSuccessful" status="PASSED">
            <system-out>2019-07-29 10:59:04 - [TEST_CASE][PASSED] - Test Cases/BPM POC/TC_001_Verify_Record_UpdateSuccessful: Test Cases/BPM POC/TC_001_Verify_Record_UpdateSuccessful&#xD;
&#xD;
2019-07-29 10:59:05 - [TEST_STEP][PASSED] - openBrowser(""): Browser is opened with url: ''&#xD;
&#xD;
2019-07-29 10:59:05 - [MESSAGE][INFO] - Starting 'IE' driver&#xD;
&#xD;
2019-07-29 10:59:05 - [MESSAGE][INFO] - Action delay is set to 0 seconds&#xD;
&#xD;
2019-07-29 10:59:07 - [MESSAGE][PASSED] - Browser is opened with url: ''&#xD;
&#xD;
2019-07-29 10:59:07 - [TEST_STEP][PASSED] - navigateToUrl("http://10.50.120.22/nvkids/#/login"): Navigate to 'http://10.50.120.22/nvkids/#/login' successfully&#xD;
&#xD;
2019-07-29 10:59:19 - [MESSAGE][PASSED] - Navigate to 'http://10.50.120.22/nvkids/#/login' successfully&#xD;
&#xD;
2019-07-29 10:59:19 - [TEST_STEP][PASSED] - maximizeWindow(): Current window maximized&#xD;
&#xD;
2019-07-29 10:59:19 - [MESSAGE][PASSED] - Current window maximized&#xD;
&#xD;
2019-07-29 10:59:19 - [TEST_STEP][PASSED] - waitForAngularLoad(10): This page doesn't use Angular.&#xD;
&#xD;
2019-07-29 10:59:19 - [MESSAGE][WARNING] - This page doesn't use Angular.&#xD;
&#xD;
2019-07-29 10:59:19 - [TEST_STEP][PASSED] - setText(findTestObject("Login Page/Input_Username"), "protechnv"): Text 'protechnv' is set on object 'Object Repository/Login Page/Input_Username'&#xD;
&#xD;
2019-07-29 10:59:20 - [MESSAGE][PASSED] - Text 'protechnv' is set on object 'Object Repository/Login Page/Input_Username'&#xD;
&#xD;
2019-07-29 10:59:20 - [TEST_STEP][PASSED] - setText(findTestObject("Login Page/Input_Password"), "Protech!23nv"): Text 'Protech!23nv' is set on object 'Object Repository/Login Page/Input_Password'&#xD;
&#xD;
2019-07-29 10:59:20 - [MESSAGE][PASSED] - Text 'Protech!23nv' is set on object 'Object Repository/Login Page/Input_Password'&#xD;
&#xD;
2019-07-29 10:59:20 - [TEST_STEP][PASSED] - click(findTestObject("Login Page/Button_Login")): Object: 'Object Repository/Login Page/Button_Login' is clicked on&#xD;
&#xD;
2019-07-29 10:59:21 - [MESSAGE][PASSED] - Object: 'Object Repository/Login Page/Button_Login' is clicked on&#xD;
&#xD;
2019-07-29 10:59:21 - [TEST_STEP][PASSED] - doubleClick(findTestObject("BPM POC/GridRow")): Object: 'Object Repository/BPM POC/GridRow' is double clicked on&#xD;
&#xD;
2019-07-29 10:59:23 - [MESSAGE][PASSED] - Object: 'Object Repository/BPM POC/GridRow' is double clicked on&#xD;
&#xD;
2019-07-29 10:59:23 - [TEST_STEP][PASSED] - delay(5): Delayed 5 second(s)&#xD;
&#xD;
2019-07-29 10:59:28 - [MESSAGE][PASSED] - Delayed 5 second(s)&#xD;
&#xD;
2019-07-29 10:59:28 - [TEST_STEP][PASSED] - ra = RandomStringUtils.randomAlphanumeric(10): null&#xD;
&#xD;
2019-07-29 10:59:28 - [TEST_STEP][PASSED] - setText(findTestObject("BPM POC/Input_Description"), "Test - message" + ra): Text 'Test - messagegg78jP7Tt9' is set on object 'Object Repository/BPM POC/Input_Description'&#xD;
&#xD;
2019-07-29 10:59:29 - [MESSAGE][PASSED] - Text 'Test - messagegg78jP7Tt9' is set on object 'Object Repository/BPM POC/Input_Description'&#xD;
&#xD;
2019-07-29 10:59:29 - [TEST_STEP][PASSED] - click(findTestObject("BPM POC/Button_Save")): Object: 'Object Repository/BPM POC/Button_Save' is clicked on&#xD;
&#xD;
2019-07-29 10:59:30 - [MESSAGE][PASSED] - Object: 'Object Repository/BPM POC/Button_Save' is clicked on&#xD;
&#xD;
2019-07-29 10:59:30 - [TEST_STEP][PASSED] - delay(5): Delayed 5 second(s)&#xD;
&#xD;
2019-07-29 10:59:35 - [MESSAGE][PASSED] - Delayed 5 second(s)&#xD;
&#xD;
2019-07-29 10:59:35 - [TEST_STEP][PASSED] - verifyElementText(findTestObject("BPM POC/Status_message"), "Success. Record Saved Successfully"): Actual text and expected text of test object 'Object Repository/BPM POC/Status_message' are matched.&#xD;
&#xD;
2019-07-29 10:59:35 - [MESSAGE][PASSED] - Actual text and expected text of test object 'Object Repository/BPM POC/Status_message' are matched.</system-out>
            <system-err></system-err>
        </testcase>
        <testcase name="Test Cases/BPM POC/TC_002_Verify_Record_AlreadyExist" classname="Test Cases/BPM POC/TC_002_Verify_Record_AlreadyExist" status="PASSED">
            <system-out>2019-07-29 10:59:35 - [TEST_CASE][PASSED] - Test Cases/BPM POC/TC_002_Verify_Record_AlreadyExist: Test Cases/BPM POC/TC_002_Verify_Record_AlreadyExist&#xD;
&#xD;
2019-07-29 10:59:35 - [TEST_STEP][PASSED] - openBrowser(""): Browser is opened with url: ''&#xD;
&#xD;
2019-07-29 10:59:35 - [MESSAGE][WARNING] - A browser is already opened. Closing browser and opening a new one&#xD;
&#xD;
2019-07-29 10:59:36 - [MESSAGE][INFO] - Starting 'IE' driver&#xD;
&#xD;
2019-07-29 10:59:37 - [MESSAGE][PASSED] - Browser is opened with url: ''&#xD;
&#xD;
2019-07-29 10:59:37 - [TEST_STEP][PASSED] - navigateToUrl("http://10.50.120.22/nvkids/#/login"): Navigate to 'http://10.50.120.22/nvkids/#/login' successfully&#xD;
&#xD;
2019-07-29 10:59:48 - [MESSAGE][PASSED] - Navigate to 'http://10.50.120.22/nvkids/#/login' successfully&#xD;
&#xD;
2019-07-29 10:59:48 - [TEST_STEP][PASSED] - maximizeWindow(): Current window maximized&#xD;
&#xD;
2019-07-29 10:59:48 - [MESSAGE][PASSED] - Current window maximized&#xD;
&#xD;
2019-07-29 10:59:48 - [TEST_STEP][PASSED] - waitForAngularLoad(10): This page doesn't use Angular.&#xD;
&#xD;
2019-07-29 10:59:48 - [MESSAGE][WARNING] - This page doesn't use Angular.&#xD;
&#xD;
2019-07-29 10:59:48 - [TEST_STEP][PASSED] - setText(findTestObject("Login Page/Input_Username"), "protechnv"): Text 'protechnv' is set on object 'Object Repository/Login Page/Input_Username'&#xD;
&#xD;
2019-07-29 10:59:49 - [MESSAGE][PASSED] - Text 'protechnv' is set on object 'Object Repository/Login Page/Input_Username'&#xD;
&#xD;
2019-07-29 10:59:49 - [TEST_STEP][PASSED] - setText(findTestObject("Login Page/Input_Password"), "Protech!23nv"): Text 'Protech!23nv' is set on object 'Object Repository/Login Page/Input_Password'&#xD;
&#xD;
2019-07-29 10:59:49 - [MESSAGE][PASSED] - Text 'Protech!23nv' is set on object 'Object Repository/Login Page/Input_Password'&#xD;
&#xD;
2019-07-29 10:59:49 - [TEST_STEP][PASSED] - click(findTestObject("Login Page/Button_Login")): Object: 'Object Repository/Login Page/Button_Login' is clicked on&#xD;
&#xD;
2019-07-29 10:59:51 - [MESSAGE][PASSED] - Object: 'Object Repository/Login Page/Button_Login' is clicked on&#xD;
&#xD;
2019-07-29 10:59:51 - [TEST_STEP][PASSED] - doubleClick(findTestObject("BPM POC/GridRow")): Object: 'Object Repository/BPM POC/GridRow' is double clicked on&#xD;
&#xD;
2019-07-29 10:59:52 - [MESSAGE][PASSED] - Object: 'Object Repository/BPM POC/GridRow' is double clicked on&#xD;
&#xD;
2019-07-29 10:59:52 - [TEST_STEP][PASSED] - setText(findTestObject("BPM POC/Input_Description"), "POC Test Message 6 POC Test Message 6 Sample9"): Text 'POC Test Message 6 POC Test Message 6 Sample9' is set on object 'Object Repository/BPM POC/Input_Description'&#xD;
&#xD;
2019-07-29 10:59:53 - [MESSAGE][PASSED] - Text 'POC Test Message 6 POC Test Message 6 Sample9' is set on object 'Object Repository/BPM POC/Input_Description'&#xD;
&#xD;
2019-07-29 10:59:53 - [TEST_STEP][PASSED] - click(findTestObject("BPM POC/Button_Save")): Object: 'Object Repository/BPM POC/Button_Save' is clicked on&#xD;
&#xD;
2019-07-29 10:59:54 - [MESSAGE][PASSED] - Object: 'Object Repository/BPM POC/Button_Save' is clicked on&#xD;
&#xD;
2019-07-29 10:59:54 - [TEST_STEP][PASSED] - delay(5): Delayed 5 second(s)&#xD;
&#xD;
2019-07-29 10:59:59 - [MESSAGE][PASSED] - Delayed 5 second(s)&#xD;
&#xD;
2019-07-29 10:59:59 - [TEST_STEP][PASSED] - verifyElementText(findTestObject("BPM POC/Status_message"), "Failure. E : Record Already Exists"): Actual text and expected text of test object 'Object Repository/BPM POC/Status_message' are matched.&#xD;
&#xD;
2019-07-29 10:59:59 - [MESSAGE][PASSED] - Actual text and expected text of test object 'Object Repository/BPM POC/Status_message' are matched.</system-out>
            <system-err></system-err>
        </testcase>
        <testcase name="Test Cases/BPM POC/TC_003_Verify_RequiredField" classname="Test Cases/BPM POC/TC_003_Verify_RequiredField" status="PASSED">
            <system-out>2019-07-29 10:59:59 - [TEST_CASE][PASSED] - Test Cases/BPM POC/TC_003_Verify_RequiredField: Test Cases/BPM POC/TC_003_Verify_RequiredField&#xD;
&#xD;
2019-07-29 10:59:59 - [TEST_STEP][PASSED] - openBrowser(""): Browser is opened with url: ''&#xD;
&#xD;
2019-07-29 10:59:59 - [MESSAGE][WARNING] - A browser is already opened. Closing browser and opening a new one&#xD;
&#xD;
2019-07-29 11:00:00 - [MESSAGE][INFO] - Starting 'IE' driver&#xD;
&#xD;
2019-07-29 11:00:01 - [MESSAGE][PASSED] - Browser is opened with url: ''&#xD;
&#xD;
2019-07-29 11:00:01 - [TEST_STEP][PASSED] - navigateToUrl("http://10.50.120.22/nvkids/#/login"): Navigate to 'http://10.50.120.22/nvkids/#/login' successfully&#xD;
&#xD;
2019-07-29 11:00:12 - [MESSAGE][PASSED] - Navigate to 'http://10.50.120.22/nvkids/#/login' successfully&#xD;
&#xD;
2019-07-29 11:00:12 - [TEST_STEP][PASSED] - maximizeWindow(): Current window maximized&#xD;
&#xD;
2019-07-29 11:00:12 - [MESSAGE][PASSED] - Current window maximized&#xD;
&#xD;
2019-07-29 11:00:12 - [TEST_STEP][PASSED] - waitForAngularLoad(10): This page doesn't use Angular.&#xD;
&#xD;
2019-07-29 11:00:12 - [MESSAGE][WARNING] - This page doesn't use Angular.&#xD;
&#xD;
2019-07-29 11:00:12 - [TEST_STEP][PASSED] - setText(findTestObject("Login Page/Input_Username"), "protechnv"): Text 'protechnv' is set on object 'Object Repository/Login Page/Input_Username'&#xD;
&#xD;
2019-07-29 11:00:13 - [MESSAGE][PASSED] - Text 'protechnv' is set on object 'Object Repository/Login Page/Input_Username'&#xD;
&#xD;
2019-07-29 11:00:13 - [TEST_STEP][PASSED] - setText(findTestObject("Login Page/Input_Password"), "Protech!23nv"): Text 'Protech!23nv' is set on object 'Object Repository/Login Page/Input_Password'&#xD;
&#xD;
2019-07-29 11:00:13 - [MESSAGE][PASSED] - Text 'Protech!23nv' is set on object 'Object Repository/Login Page/Input_Password'&#xD;
&#xD;
2019-07-29 11:00:13 - [TEST_STEP][PASSED] - click(findTestObject("Login Page/Button_Login")): Object: 'Object Repository/Login Page/Button_Login' is clicked on&#xD;
&#xD;
2019-07-29 11:00:15 - [MESSAGE][PASSED] - Object: 'Object Repository/Login Page/Button_Login' is clicked on&#xD;
&#xD;
2019-07-29 11:00:15 - [TEST_STEP][PASSED] - doubleClick(findTestObject("BPM POC/GridRow")): Object: 'Object Repository/BPM POC/GridRow' is double clicked on&#xD;
&#xD;
2019-07-29 11:00:16 - [MESSAGE][PASSED] - Object: 'Object Repository/BPM POC/GridRow' is double clicked on&#xD;
&#xD;
2019-07-29 11:00:16 - [TEST_STEP][PASSED] - sendKeys(findTestObject("BPM POC/Input_Description"), Keys.chord(CONTROL, "a")): Keys 'CONTROL + a' sent to object: 'Object Repository/BPM POC/Input_Description'&#xD;
&#xD;
2019-07-29 11:00:17 - [MESSAGE][PASSED] - Keys 'CONTROL + a' sent to object: 'Object Repository/BPM POC/Input_Description'&#xD;
&#xD;
2019-07-29 11:00:17 - [TEST_STEP][PASSED] - sendKeys(findTestObject("BPM POC/Input_Description"), Keys.chord(DELETE)): Keys 'DELETE + ' sent to object: 'Object Repository/BPM POC/Input_Description'&#xD;
&#xD;
2019-07-29 11:00:17 - [MESSAGE][PASSED] - Keys 'DELETE + ' sent to object: 'Object Repository/BPM POC/Input_Description'&#xD;
&#xD;
2019-07-29 11:00:17 - [TEST_STEP][PASSED] - click(findTestObject("BPM POC/Button_Save")): Object: 'Object Repository/BPM POC/Button_Save' is clicked on&#xD;
&#xD;
2019-07-29 11:00:18 - [MESSAGE][PASSED] - Object: 'Object Repository/BPM POC/Button_Save' is clicked on&#xD;
&#xD;
2019-07-29 11:00:18 - [TEST_STEP][PASSED] - delay(5): Delayed 5 second(s)&#xD;
&#xD;
2019-07-29 11:00:23 - [MESSAGE][PASSED] - Delayed 5 second(s)&#xD;
&#xD;
2019-07-29 11:00:23 - [TEST_STEP][PASSED] - verifyElementText(findTestObject("BPM POC/Status_message"), "Failure. E0076 : Enter Required Fields"): Actual text and expected text of test object 'Object Repository/BPM POC/Status_message' are matched.&#xD;
&#xD;
2019-07-29 11:00:23 - [MESSAGE][PASSED] - Actual text and expected text of test object 'Object Repository/BPM POC/Status_message' are matched.</system-out>
            <system-err></system-err>
        </testcase>
        <system-out>2019-07-29 10:59:04 - [TEST_SUITE][INCOMPLETE] - BPM POC_SUITE: null</system-out>
        <system-err>2019-07-29 10:59:04 - [TEST_SUITE][INCOMPLETE] - BPM POC_SUITE: null</system-err>
    </testsuite>
</testsuites>
